process: root - GENERATING VALIDATION...
process: root Stoping at barrier
process: root - Sending Alfas...
process: root - calculo: 1 * 1000000 / (15) == 66666
process: root - calculo: 66666 - 0 == 66666
process: root - sending size of: 66666 to worker: 1...
process: root.. Sending array to worker: 1 ...
process: root - calculo: 2 * 1000000 / (15) == 133333
process: root - calculo: 133333 - 66666 == 66667
process: root - sending size of: 66667 to worker: 2...
process: root.. Sending array to worker: 2 ...
process: root - calculo: 3 * 1000000 / (15) == 200000
process: root - calculo: 200000 - 133333 == 66667
process: root - sending size of: 66667 to worker: 3...
process: root.. Sending array to worker: 3 ...
process: root - calculo: 4 * 1000000 / (15) == 266666
process: root - calculo: 266666 - 200000 == 66666
process: root - sending size of: 66666 to worker: 4...
process: root.. Sending array to worker: 4 ...
process: root - calculo: 5 * 1000000 / (15) == 333333
process: root - calculo: 333333 - 266666 == 66667
process: root - sending size of: 66667 to worker: 5...
process: root.. Sending array to worker: 5 ...
process: root - calculo: 6 * 1000000 / (15) == 400000
process: root - calculo: 400000 - 333333 == 66667
process: root - sending size of: 66667 to worker: 6...
process: root.. Sending array to worker: 6 ...
process: root - calculo: 7 * 1000000 / (15) == 466666
process: root - calculo: 466666 - 400000 == 66666
process: root - sending size of: 66666 to worker: 7...
process: root.. Sending array to worker: 7 ...
process: root - calculo: 8 * 1000000 / (15) == 533333
process: root - calculo: 533333 - 466666 == 66667
process: root - sending size of: 66667 to worker: 8...
process: root.. Sending array to worker: 8 ...
process: root - calculo: 9 * 1000000 / (15) == 600000
process: root - calculo: 600000 - 533333 == 66667
process: root - sending size of: 66667 to worker: 9...
process: root.. Sending array to worker: 9 ...
process: root - calculo: 10 * 1000000 / (15) == 666666
process: root - calculo: 666666 - 600000 == 66666
process: root - sending size of: 66666 to worker: 10...
process: root.. Sending array to worker: 10 ...
process: root - calculo: 11 * 1000000 / (15) == 733333
process: root - calculo: 733333 - 666666 == 66667
process: root - sending size of: 66667 to worker: 11...
process: root.. Sending array to worker: 11 ...
process: root - calculo: 12 * 1000000 / (15) == 800000
process: root - calculo: 800000 - 733333 == 66667
process: root - sending size of: 66667 to worker: 12...
process: root.. Sending array to worker: 12 ...
process: root - calculo: 13 * 1000000 / (15) == 866666
process: root - calculo: 866666 - 800000 == 66666
process: root - sending size of: 66666 to worker: 13...
process: root.. Sending array to worker: 13 ...
process: root - calculo: 14 * 1000000 / (15) == 933333
process: root - calculo: 933333 - 866666 == 66667
process: root - sending size of: 66667 to worker: 14...
process: root.. Sending array to worker: 14 ...
process: root - calculo: 15 * 1000000 / (15) == 1000000
process: root - calculo: 1000000 - 933333 == 66667
process: root - sending size of: 66667 to worker: 15...
process: root.. Sending array to worker: 15 ...
process: root.. Waiting response of worker 1...
worker: 1 - of node: grad01.. sending array with answers...
process: root.. will receive from pid: 1 - from Init: 0 to 66666 ...
process: root.. Waiting response of worker 2...
worker: 3 - of node: grad01.. sending array with answers...
worker: 4 - of node: grad01.. sending array with answers...
worker: 5 - of node: grad01.. sending array with answers...
worker: 7 - of node: grad01.. sending array with answers...
worker: 8 - of node: grad02.. sending array with answers...
worker: 9 - of node: grad02.. sending array with answers...
worker: 10 - of node: grad02.. sending array with answers...
worker: 11 - of node: grad02.. sending array with answers...
worker: 12 - of node: grad02.. sending array with answers...
worker: 13 - of node: grad02.. sending array with answers...
worker: 14 - of node: grad02.. sending array with answers...
worker: 15 - of node: grad02.. sending array with answers...
worker: 2 - of node: grad01.. sending array with answers...
process: root.. will receive from pid: 2 - from Init: 66666 to 66667 ...
process: root.. Waiting response of worker 3...
process: root.. will receive from pid: 3 - from Init: 133333 to 66667 ...
process: root.. Waiting response of worker 4...
process: root.. will receive from pid: 4 - from Init: 200000 to 66666 ...
process: root.. Waiting response of worker 5...
process: root.. will receive from pid: 5 - from Init: 266666 to 66667 ...
process: root.. Waiting response of worker 6...
worker: 6 - of node: grad01.. sending array with answers...
process: root.. will receive from pid: 6 - from Init: 333333 to 66667 ...
process: root.. Waiting response of worker 7...
process: root.. will receive from pid: 7 - from Init: 400000 to 66666 ...
process: root.. Waiting response of worker 8...
process: root.. will receive from pid: 8 - from Init: 466666 to 66667 ...
process: root.. Waiting response of worker 9...
process: root.. will receive from pid: 9 - from Init: 533333 to 66667 ...
process: root.. Waiting response of worker 10...
process: root.. will receive from pid: 10 - from Init: 600000 to 66666 ...
process: root.. Waiting response of worker 11...
process: root.. will receive from pid: 11 - from Init: 666666 to 66667 ...
process: root.. Waiting response of worker 12...
process: root.. will receive from pid: 12 - from Init: 733333 to 66667 ...
process: root.. Waiting response of worker 13...
process: root.. will receive from pid: 13 - from Init: 800000 to 66666 ...
process: root.. Waiting response of worker 14...
process: root.. will receive from pid: 14 - from Init: 866666 to 66667 ...
process: root.. Waiting response of worker 15...
process: root.. will receive from pid: 15 - from Init: 933333 to 66667 ...
Process: Root validation: {
1000000 0.501035
process: root - calculo: 1 * 2000000 / (15) == 133333
process: root - calculo: 133333 - 0 == 133333
process: root - sending size of: 133333 to worker: 1...
process: root.. Sending array to worker: 1 ...
process: root - calculo: 2 * 2000000 / (15) == 266666
process: root - calculo: 266666 - 133333 == 133333
process: root - sending size of: 133333 to worker: 2...
process: root.. Sending array to worker: 2 ...
process: root - calculo: 3 * 2000000 / (15) == 400000
process: root - calculo: 400000 - 266666 == 133334
process: root - sending size of: 133334 to worker: 3...
process: root.. Sending array to worker: 3 ...
process: root - calculo: 4 * 2000000 / (15) == 533333
process: root - calculo: 533333 - 400000 == 133333
process: root - sending size of: 133333 to worker: 4...
process: root.. Sending array to worker: 4 ...
process: root - calculo: 5 * 2000000 / (15) == 666666
process: root - calculo: 666666 - 533333 == 133333
process: root - sending size of: 133333 to worker: 5...
process: root.. Sending array to worker: 5 ...
process: root - calculo: 6 * 2000000 / (15) == 800000
process: root - calculo: 800000 - 666666 == 133334
process: root - sending size of: 133334 to worker: 6...
process: root.. Sending array to worker: 6 ...
process: root - calculo: 7 * 2000000 / (15) == 933333
process: root - calculo: 933333 - 800000 == 133333
process: root - sending size of: 133333 to worker: 7...
process: root.. Sending array to worker: 7 ...
process: root - calculo: 8 * 2000000 / (15) == 1066666
process: root - calculo: 1066666 - 933333 == 133333
process: root - sending size of: 133333 to worker: 8...
process: root.. Sending array to worker: 8 ...
process: root - calculo: 9 * 2000000 / (15) == 1200000
process: root - calculo: 1200000 - 1066666 == 133334
process: root - sending size of: 133334 to worker: 9...
process: root.. Sending array to worker: 9 ...
process: root - calculo: 10 * 2000000 / (15) == 1333333
process: root - calculo: 1333333 - 1200000 == 133333
process: root - sending size of: 133333 to worker: 10...
process: root.. Sending array to worker: 10 ...
process: root - calculo: 11 * 2000000 / (15) == 1466666
process: root - calculo: 1466666 - 1333333 == 133333
process: root - sending size of: 133333 to worker: 11...
process: root.. Sending array to worker: 11 ...
process: root - calculo: 12 * 2000000 / (15) == 1600000
process: root - calculo: 1600000 - 1466666 == 133334
process: root - sending size of: 133334 to worker: 12...
process: root.. Sending array to worker: 12 ...
process: root - calculo: 13 * 2000000 / (15) == 1733333
process: root - calculo: 1733333 - 1600000 == 133333
process: root - sending size of: 133333 to worker: 13...
process: root.. Sending array to worker: 13 ...
process: root - calculo: 14 * 2000000 / (15) == 1866666
process: root - calculo: 1866666 - 1733333 == 133333
process: root - sending size of: 133333 to worker: 14...
process: root.. Sending array to worker: 14 ...
process: root - calculo: 15 * 2000000 / (15) == 2000000
process: root - calculo: 2000000 - 1866666 == 133334
process: root - sending size of: 133334 to worker: 15...
process: root.. Sending array to worker: 15 ...
process: root.. Waiting response of worker 1...
worker: 1 - of node: grad01.. sending array with answers...
process: root.. will receive from pid: 1 - from Init: 0 to 133333 ...
process: root.. Waiting response of worker 2...
worker: 3 - of node: grad01.. sending array with answers...
worker: 4 - of node: grad01.. sending array with answers...
worker: 5 - of node: grad01.. sending array with answers...
worker: 7 - of node: grad01.. sending array with answers...
worker: 8 - of node: grad02.. sending array with answers...
worker: 9 - of node: grad02.. sending array with answers...
worker: 10 - of node: grad02.. sending array with answers...
worker: 11 - of node: grad02.. sending array with answers...
worker: 12 - of node: grad02.. sending array with answers...
worker: 13 - of node: grad02.. sending array with answers...
worker: 14 - of node: grad02.. sending array with answers...
worker: 15 - of node: grad02.. sending array with answers...
worker: 2 - of node: grad01.. sending array with answers...
process: root.. will receive from pid: 2 - from Init: 133333 to 133333 ...
process: root.. Waiting response of worker 3...
process: root.. will receive from pid: 3 - from Init: 266666 to 133334 ...
process: root.. Waiting response of worker 4...
process: root.. will receive from pid: 4 - from Init: 400000 to 133333 ...
process: root.. Waiting response of worker 5...
process: root.. will receive from pid: 5 - from Init: 533333 to 133333 ...
process: root.. Waiting response of worker 6...
worker: 6 - of node: grad01.. sending array with answers...
process: root.. will receive from pid: 6 - from Init: 666666 to 133334 ...
process: root.. Waiting response of worker 7...
process: root.. will receive from pid: 7 - from Init: 800000 to 133333 ...
process: root.. Waiting response of worker 8...
process: root.. will receive from pid: 8 - from Init: 933333 to 133333 ...
process: root.. Waiting response of worker 9...
process: root.. will receive from pid: 9 - from Init: 1066666 to 133334 ...
process: root.. Waiting response of worker 10...
process: root.. will receive from pid: 10 - from Init: 1200000 to 133333 ...
process: root.. Waiting response of worker 11...
process: root.. will receive from pid: 11 - from Init: 1333333 to 133333 ...
process: root.. Waiting response of worker 12...
process: root.. will receive from pid: 12 - from Init: 1466666 to 133334 ...
process: root.. Waiting response of worker 13...
process: root.. will receive from pid: 13 - from Init: 1600000 to 133333 ...
process: root.. Waiting response of worker 14...
process: root.. will receive from pid: 14 - from Init: 1733333 to 133333 ...
process: root.. Waiting response of worker 15...
process: root.. will receive from pid: 15 - from Init: 1866666 to 133334 ...
Process: Root validation: {
2000000 1.005753
process: root - calculo: 1 * 3000000 / (15) == 200000
process: root - calculo: 200000 - 0 == 200000
process: root - sending size of: 200000 to worker: 1...
process: root.. Sending array to worker: 1 ...
process: root - calculo: 2 * 3000000 / (15) == 400000
process: root - calculo: 400000 - 200000 == 200000
process: root - sending size of: 200000 to worker: 2...
process: root.. Sending array to worker: 2 ...
process: root - calculo: 3 * 3000000 / (15) == 600000
process: root - calculo: 600000 - 400000 == 200000
process: root - sending size of: 200000 to worker: 3...
process: root.. Sending array to worker: 3 ...
process: root - calculo: 4 * 3000000 / (15) == 800000
process: root - calculo: 800000 - 600000 == 200000
process: root - sending size of: 200000 to worker: 4...
process: root.. Sending array to worker: 4 ...
process: root - calculo: 5 * 3000000 / (15) == 1000000
process: root - calculo: 1000000 - 800000 == 200000
process: root - sending size of: 200000 to worker: 5...
process: root.. Sending array to worker: 5 ...
process: root - calculo: 6 * 3000000 / (15) == 1200000
process: root - calculo: 1200000 - 1000000 == 200000
process: root - sending size of: 200000 to worker: 6...
process: root.. Sending array to worker: 6 ...
process: root - calculo: 7 * 3000000 / (15) == 1400000
process: root - calculo: 1400000 - 1200000 == 200000
process: root - sending size of: 200000 to worker: 7...
process: root.. Sending array to worker: 7 ...
process: root - calculo: 8 * 3000000 / (15) == 1600000
process: root - calculo: 1600000 - 1400000 == 200000
process: root - sending size of: 200000 to worker: 8...
process: root.. Sending array to worker: 8 ...
process: root - calculo: 9 * 3000000 / (15) == 1800000
process: root - calculo: 1800000 - 1600000 == 200000
process: root - sending size of: 200000 to worker: 9...
process: root.. Sending array to worker: 9 ...
process: root - calculo: 10 * 3000000 / (15) == 2000000
process: root - calculo: 2000000 - 1800000 == 200000
process: root - sending size of: 200000 to worker: 10...
process: root.. Sending array to worker: 10 ...
process: root - calculo: 11 * 3000000 / (15) == 2200000
process: root - calculo: 2200000 - 2000000 == 200000
process: root - sending size of: 200000 to worker: 11...
process: root.. Sending array to worker: 11 ...
process: root - calculo: 12 * 3000000 / (15) == 2400000
process: root - calculo: 2400000 - 2200000 == 200000
process: root - sending size of: 200000 to worker: 12...
process: root.. Sending array to worker: 12 ...
process: root - calculo: 13 * 3000000 / (15) == 2600000
process: root - calculo: 2600000 - 2400000 == 200000
process: root - sending size of: 200000 to worker: 13...
process: root.. Sending array to worker: 13 ...
process: root - calculo: 14 * 3000000 / (15) == 2800000
process: root - calculo: 2800000 - 2600000 == 200000
process: root - sending size of: 200000 to worker: 14...
process: root.. Sending array to worker: 14 ...
process: root - calculo: 15 * 3000000 / (15) == 3000000
process: root - calculo: 3000000 - 2800000 == 200000
process: root - sending size of: 200000 to worker: 15...
process: root.. Sending array to worker: 15 ...
process: root.. Waiting response of worker 1...
worker: 1 - of node: grad01.. sending array with answers...
process: root.. will receive from pid: 1 - from Init: 0 to 200000 ...
process: root.. Waiting response of worker 2...
worker: 3 - of node: grad01.. sending array with answers...
worker: 2 - of node: grad01.. sending array with answers...
process: root.. will receive from pid: 2 - from Init: 200000 to 200000 ...
process: root.. Waiting response of worker 3...
process: root.. will receive from pid: 3 - from Init: 400000 to 200000 ...
process: root.. Waiting response of worker 4...
worker: 4 - of node: grad01.. sending array with answers...
process: root.. will receive from pid: 4 - from Init: 600000 to 200000 ...
process: root.. Waiting response of worker 5...
worker: 5 - of node: grad01.. sending array with answers...
process: root.. will receive from pid: 5 - from Init: 800000 to 200000 ...
process: root.. Waiting response of worker 6...
worker: 6 - of node: grad01.. sending array with answers...
process: root.. will receive from pid: 6 - from Init: 1000000 to 200000 ...
process: root.. Waiting response of worker 7...
worker: 7 - of node: grad01.. sending array with answers...
process: root.. will receive from pid: 7 - from Init: 1200000 to 200000 ...
process: root.. Waiting response of worker 8...
process: root.. will receive from pid: 8 - from Init: 1400000 to 200000 ...
worker: 8 - of node: grad02.. sending array with answers...
process: root.. Waiting response of worker 9...
process: root.. will receive from pid: 9 - from Init: 1600000 to 200000 ...
worker: 9 - of node: grad02.. sending array with answers...
process: root.. Waiting response of worker 10...
process: root.. will receive from pid: 10 - from Init: 1800000 to 200000 ...
worker: 10 - of node: grad02.. sending array with answers...
process: root.. Waiting response of worker 11...
process: root.. will receive from pid: 11 - from Init: 2000000 to 200000 ...
worker: 11 - of node: grad02.. sending array with answers...
process: root.. Waiting response of worker 12...
process: root.. will receive from pid: 12 - from Init: 2200000 to 200000 ...
worker: 12 - of node: grad02.. sending array with answers...
process: root.. Waiting response of worker 13...
process: root.. will receive from pid: 13 - from Init: 2400000 to 200000 ...
worker: 13 - of node: grad02.. sending array with answers...
process: root.. Waiting response of worker 14...
process: root.. will receive from pid: 14 - from Init: 2600000 to 200000 ...
worker: 14 - of node: grad02.. sending array with answers...
process: root.. Waiting response of worker 15...
process: root.. will receive from pid: 15 - from Init: 2800000 to 200000 ...
worker: 15 - of node: grad02.. sending array with answers...
Process: Root validation: {
3000000 1.335548
process: root - calculo: 1 * 4000000 / (15) == 266666
process: root - calculo: 266666 - 0 == 266666
process: root - sending size of: 266666 to worker: 1...
process: root.. Sending array to worker: 1 ...
process: root - calculo: 2 * 4000000 / (15) == 533333
process: root - calculo: 533333 - 266666 == 266667
process: root - sending size of: 266667 to worker: 2...
process: root.. Sending array to worker: 2 ...
process: root - calculo: 3 * 4000000 / (15) == 800000
process: root - calculo: 800000 - 533333 == 266667
process: root - sending size of: 266667 to worker: 3...
process: root.. Sending array to worker: 3 ...
process: root - calculo: 4 * 4000000 / (15) == 1066666
process: root - calculo: 1066666 - 800000 == 266666
process: root - sending size of: 266666 to worker: 4...
process: root.. Sending array to worker: 4 ...
process: root - calculo: 5 * 4000000 / (15) == 1333333
process: root - calculo: 1333333 - 1066666 == 266667
process: root - sending size of: 266667 to worker: 5...
process: root.. Sending array to worker: 5 ...
process: root - calculo: 6 * 4000000 / (15) == 1600000
process: root - calculo: 1600000 - 1333333 == 266667
process: root - sending size of: 266667 to worker: 6...
process: root.. Sending array to worker: 6 ...
process: root - calculo: 7 * 4000000 / (15) == 1866666
process: root - calculo: 1866666 - 1600000 == 266666
process: root - sending size of: 266666 to worker: 7...
process: root.. Sending array to worker: 7 ...
process: root - calculo: 8 * 4000000 / (15) == 2133333
process: root - calculo: 2133333 - 1866666 == 266667
process: root - sending size of: 266667 to worker: 8...
process: root.. Sending array to worker: 8 ...
process: root - calculo: 9 * 4000000 / (15) == 2400000
process: root - calculo: 2400000 - 2133333 == 266667
process: root - sending size of: 266667 to worker: 9...
process: root.. Sending array to worker: 9 ...
process: root - calculo: 10 * 4000000 / (15) == 2666666
process: root - calculo: 2666666 - 2400000 == 266666
process: root - sending size of: 266666 to worker: 10...
process: root.. Sending array to worker: 10 ...
process: root - calculo: 11 * 4000000 / (15) == 2933333
process: root - calculo: 2933333 - 2666666 == 266667
process: root - sending size of: 266667 to worker: 11...
process: root.. Sending array to worker: 11 ...
process: root - calculo: 12 * 4000000 / (15) == 3200000
process: root - calculo: 3200000 - 2933333 == 266667
process: root - sending size of: 266667 to worker: 12...
process: root.. Sending array to worker: 12 ...
process: root - calculo: 13 * 4000000 / (15) == 3466666
process: root - calculo: 3466666 - 3200000 == 266666
process: root - sending size of: 266666 to worker: 13...
process: root.. Sending array to worker: 13 ...
process: root - calculo: 14 * 4000000 / (15) == 3733333
process: root - calculo: 3733333 - 3466666 == 266667
process: root - sending size of: 266667 to worker: 14...
process: root.. Sending array to worker: 14 ...
process: root - calculo: 15 * 4000000 / (15) == 4000000
process: root - calculo: 4000000 - 3733333 == 266667
process: root - sending size of: 266667 to worker: 15...
process: root.. Sending array to worker: 15 ...
process: root.. Waiting response of worker 1...
worker: 1 - of node: grad01.. sending array with answers...
process: root.. will receive from pid: 1 - from Init: 0 to 266666 ...
process: root.. Waiting response of worker 2...
worker: 2 - of node: grad01.. sending array with answers...
process: root.. will receive from pid: 2 - from Init: 266666 to 266667 ...
process: root.. Waiting response of worker 3...
worker: 3 - of node: grad01.. sending array with answers...
process: root.. will receive from pid: 3 - from Init: 533333 to 266667 ...
process: root.. Waiting response of worker 4...
worker: 4 - of node: grad01.. sending array with answers...
process: root.. will receive from pid: 4 - from Init: 800000 to 266666 ...
process: root.. Waiting response of worker 5...
worker: 5 - of node: grad01.. sending array with answers...
process: root.. will receive from pid: 5 - from Init: 1066666 to 266667 ...
process: root.. Waiting response of worker 6...
worker: 6 - of node: grad01.. sending array with answers...
process: root.. will receive from pid: 6 - from Init: 1333333 to 266667 ...
process: root.. Waiting response of worker 7...
worker: 7 - of node: grad01.. sending array with answers...
process: root.. will receive from pid: 7 - from Init: 1600000 to 266666 ...
process: root.. Waiting response of worker 8...
process: root.. will receive from pid: 8 - from Init: 1866666 to 266667 ...
worker: 8 - of node: grad02.. sending array with answers...
process: root.. Waiting response of worker 9...
process: root.. will receive from pid: 9 - from Init: 2133333 to 266667 ...
worker: 9 - of node: grad02.. sending array with answers...
process: root.. Waiting response of worker 10...
process: root.. will receive from pid: 10 - from Init: 2400000 to 266666 ...
worker: 10 - of node: grad02.. sending array with answers...
process: root.. Waiting response of worker 11...
process: root.. will receive from pid: 11 - from Init: 2666666 to 266667 ...
worker: 11 - of node: grad02.. sending array with answers...
process: root.. Waiting response of worker 12...
process: root.. will receive from pid: 12 - from Init: 2933333 to 266667 ...
worker: 12 - of node: grad02.. sending array with answers...
process: root.. Waiting response of worker 13...
process: root.. will receive from pid: 13 - from Init: 3200000 to 266666 ...
worker: 13 - of node: grad02.. sending array with answers...
process: root.. Waiting response of worker 14...
process: root.. will receive from pid: 14 - from Init: 3466666 to 266667 ...
worker: 14 - of node: grad02.. sending array with answers...
process: root.. Waiting response of worker 15...
process: root.. will receive from pid: 15 - from Init: 3733333 to 266667 ...
worker: 15 - of node: grad02.. sending array with answers...
Process: Root validation: {
4000000 1.812569
process: root - calculo: 1 * 5000000 / (15) == 333333
process: root - calculo: 333333 - 0 == 333333
process: root - sending size of: 333333 to worker: 1...
process: root.. Sending array to worker: 1 ...
process: root - calculo: 2 * 5000000 / (15) == 666666
process: root - calculo: 666666 - 333333 == 333333
process: root - sending size of: 333333 to worker: 2...
process: root.. Sending array to worker: 2 ...
process: root - calculo: 3 * 5000000 / (15) == 1000000
process: root - calculo: 1000000 - 666666 == 333334
process: root - sending size of: 333334 to worker: 3...
process: root.. Sending array to worker: 3 ...
process: root - calculo: 4 * 5000000 / (15) == 1333333
process: root - calculo: 1333333 - 1000000 == 333333
process: root - sending size of: 333333 to worker: 4...
process: root.. Sending array to worker: 4 ...
process: root - calculo: 5 * 5000000 / (15) == 1666666
process: root - calculo: 1666666 - 1333333 == 333333
process: root - sending size of: 333333 to worker: 5...
process: root.. Sending array to worker: 5 ...
process: root - calculo: 6 * 5000000 / (15) == 2000000
process: root - calculo: 2000000 - 1666666 == 333334
process: root - sending size of: 333334 to worker: 6...
process: root.. Sending array to worker: 6 ...
process: root - calculo: 7 * 5000000 / (15) == 2333333
process: root - calculo: 2333333 - 2000000 == 333333
process: root - sending size of: 333333 to worker: 7...
process: root.. Sending array to worker: 7 ...
process: root - calculo: 8 * 5000000 / (15) == 2666666
process: root - calculo: 2666666 - 2333333 == 333333
process: root - sending size of: 333333 to worker: 8...
process: root.. Sending array to worker: 8 ...
process: root - calculo: 9 * 5000000 / (15) == 3000000
process: root - calculo: 3000000 - 2666666 == 333334
process: root - sending size of: 333334 to worker: 9...
process: root.. Sending array to worker: 9 ...
process: root - calculo: 10 * 5000000 / (15) == 3333333
process: root - calculo: 3333333 - 3000000 == 333333
process: root - sending size of: 333333 to worker: 10...
process: root.. Sending array to worker: 10 ...
process: root - calculo: 11 * 5000000 / (15) == 3666666
process: root - calculo: 3666666 - 3333333 == 333333
process: root - sending size of: 333333 to worker: 11...
process: root.. Sending array to worker: 11 ...
process: root - calculo: 12 * 5000000 / (15) == 4000000
process: root - calculo: 4000000 - 3666666 == 333334
process: root - sending size of: 333334 to worker: 12...
process: root.. Sending array to worker: 12 ...
process: root - calculo: 13 * 5000000 / (15) == 4333333
process: root - calculo: 4333333 - 4000000 == 333333
process: root - sending size of: 333333 to worker: 13...
process: root.. Sending array to worker: 13 ...
process: root - calculo: 14 * 5000000 / (15) == 4666666
process: root - calculo: 4666666 - 4333333 == 333333
process: root - sending size of: 333333 to worker: 14...
process: root.. Sending array to worker: 14 ...
process: root - calculo: 15 * 5000000 / (15) == 5000000
process: root - calculo: 5000000 - 4666666 == 333334
process: root - sending size of: 333334 to worker: 15...
process: root.. Sending array to worker: 15 ...
process: root.. Waiting response of worker 1...
worker: 1 - of node: grad01.. sending array with answers...
process: root.. will receive from pid: 1 - from Init: 0 to 333333 ...
process: root.. Waiting response of worker 2...
worker: 2 - of node: grad01.. sending array with answers...
process: root.. will receive from pid: 2 - from Init: 333333 to 333333 ...
process: root.. Waiting response of worker 3...
worker: 3 - of node: grad01.. sending array with answers...
process: root.. will receive from pid: 3 - from Init: 666666 to 333334 ...
process: root.. Waiting response of worker 4...
worker: 4 - of node: grad01.. sending array with answers...
process: root.. will receive from pid: 4 - from Init: 1000000 to 333333 ...
process: root.. Waiting response of worker 5...
worker: 5 - of node: grad01.. sending array with answers...
process: root.. will receive from pid: 5 - from Init: 1333333 to 333333 ...
process: root.. Waiting response of worker 6...
worker: 6 - of node: grad01.. sending array with answers...
process: root.. will receive from pid: 6 - from Init: 1666666 to 333334 ...
process: root.. Waiting response of worker 7...
worker: 7 - of node: grad01.. sending array with answers...
process: root.. will receive from pid: 7 - from Init: 2000000 to 333333 ...
process: root.. Waiting response of worker 8...
process: root.. will receive from pid: 8 - from Init: 2333333 to 333333 ...
worker: 8 - of node: grad02.. sending array with answers...
process: root.. Waiting response of worker 9...
process: root.. will receive from pid: 9 - from Init: 2666666 to 333334 ...
worker: 9 - of node: grad02.. sending array with answers...
process: root.. Waiting response of worker 10...
process: root.. will receive from pid: 10 - from Init: 3000000 to 333333 ...
worker: 10 - of node: grad02.. sending array with answers...
process: root.. Waiting response of worker 11...
process: root.. will receive from pid: 11 - from Init: 3333333 to 333333 ...
worker: 11 - of node: grad02.. sending array with answers...
process: root.. Waiting response of worker 12...
process: root.. will receive from pid: 12 - from Init: 3666666 to 333334 ...
worker: 12 - of node: grad02.. sending array with answers...
process: root.. Waiting response of worker 13...
process: root.. will receive from pid: 13 - from Init: 4000000 to 333333 ...
worker: 13 - of node: grad02.. sending array with answers...
process: root.. Waiting response of worker 14...
process: root.. will receive from pid: 14 - from Init: 4333333 to 333333 ...
worker: 14 - of node: grad02.. sending array with answers...
process: root.. Waiting response of worker 15...
process: root.. will receive from pid: 15 - from Init: 4666666 to 333334 ...
worker: 15 - of node: grad02.. sending array with answers...
Process: Root validation: {
5000000 2.313727
process: root - calculo: 1 * 6000000 / (15) == 400000
process: root - calculo: 400000 - 0 == 400000
process: root - sending size of: 400000 to worker: 1...
process: root.. Sending array to worker: 1 ...
process: root - calculo: 2 * 6000000 / (15) == 800000
process: root - calculo: 800000 - 400000 == 400000
process: root - sending size of: 400000 to worker: 2...
process: root.. Sending array to worker: 2 ...
process: root - calculo: 3 * 6000000 / (15) == 1200000
process: root - calculo: 1200000 - 800000 == 400000
process: root - sending size of: 400000 to worker: 3...
process: root.. Sending array to worker: 3 ...
process: root - calculo: 4 * 6000000 / (15) == 1600000
process: root - calculo: 1600000 - 1200000 == 400000
process: root - sending size of: 400000 to worker: 4...
process: root.. Sending array to worker: 4 ...
process: root - calculo: 5 * 6000000 / (15) == 2000000
process: root - calculo: 2000000 - 1600000 == 400000
process: root - sending size of: 400000 to worker: 5...
process: root.. Sending array to worker: 5 ...
process: root - calculo: 6 * 6000000 / (15) == 2400000
process: root - calculo: 2400000 - 2000000 == 400000
process: root - sending size of: 400000 to worker: 6...
process: root.. Sending array to worker: 6 ...
process: root - calculo: 7 * 6000000 / (15) == 2800000
process: root - calculo: 2800000 - 2400000 == 400000
process: root - sending size of: 400000 to worker: 7...
process: root.. Sending array to worker: 7 ...
process: root - calculo: 8 * 6000000 / (15) == 3200000
process: root - calculo: 3200000 - 2800000 == 400000
process: root - sending size of: 400000 to worker: 8...
process: root.. Sending array to worker: 8 ...
process: root - calculo: 9 * 6000000 / (15) == 3600000
process: root - calculo: 3600000 - 3200000 == 400000
process: root - sending size of: 400000 to worker: 9...
process: root.. Sending array to worker: 9 ...
process: root - calculo: 10 * 6000000 / (15) == 4000000
process: root - calculo: 4000000 - 3600000 == 400000
process: root - sending size of: 400000 to worker: 10...
process: root.. Sending array to worker: 10 ...
process: root - calculo: 11 * 6000000 / (15) == 4400000
process: root - calculo: 4400000 - 4000000 == 400000
process: root - sending size of: 400000 to worker: 11...
process: root.. Sending array to worker: 11 ...
process: root - calculo: 12 * 6000000 / (15) == 4800000
process: root - calculo: 4800000 - 4400000 == 400000
process: root - sending size of: 400000 to worker: 12...
process: root.. Sending array to worker: 12 ...
process: root - calculo: 13 * 6000000 / (15) == 5200000
process: root - calculo: 5200000 - 4800000 == 400000
process: root - sending size of: 400000 to worker: 13...
process: root.. Sending array to worker: 13 ...
process: root - calculo: 14 * 6000000 / (15) == 5600000
process: root - calculo: 5600000 - 5200000 == 400000
process: root - sending size of: 400000 to worker: 14...
process: root.. Sending array to worker: 14 ...
process: root - calculo: 15 * 6000000 / (15) == 6000000
process: root - calculo: 6000000 - 5600000 == 400000
process: root - sending size of: 400000 to worker: 15...
process: root.. Sending array to worker: 15 ...
process: root.. Waiting response of worker 1...
worker: 1 - of node: grad01.. sending array with answers...
process: root.. will receive from pid: 1 - from Init: 0 to 400000 ...
process: root.. Waiting response of worker 2...
worker: 2 - of node: grad01.. sending array with answers...
process: root.. will receive from pid: 2 - from Init: 400000 to 400000 ...
process: root.. Waiting response of worker 3...
worker: 3 - of node: grad01.. sending array with answers...
process: root.. will receive from pid: 3 - from Init: 800000 to 400000 ...
process: root.. Waiting response of worker 4...
worker: 4 - of node: grad01.. sending array with answers...
process: root.. will receive from pid: 4 - from Init: 1200000 to 400000 ...
process: root.. Waiting response of worker 5...
worker: 5 - of node: grad01.. sending array with answers...
process: root.. will receive from pid: 5 - from Init: 1600000 to 400000 ...
process: root.. Waiting response of worker 6...
worker: 6 - of node: grad01.. sending array with answers...
process: root.. will receive from pid: 6 - from Init: 2000000 to 400000 ...
process: root.. Waiting response of worker 7...
worker: 15 - of node: grad02.. sending array with answers...
worker: 7 - of node: grad01.. sending array with answers...
process: root.. will receive from pid: 7 - from Init: 2400000 to 400000 ...
process: root.. Waiting response of worker 8...
worker: 8 - of node: grad02.. sending array with answers...
process: root.. will receive from pid: 8 - from Init: 2800000 to 400000 ...
process: root.. Waiting response of worker 9...
worker: 9 - of node: grad02.. sending array with answers...
process: root.. will receive from pid: 9 - from Init: 3200000 to 400000 ...
process: root.. Waiting response of worker 10...
process: root.. will receive from pid: 10 - from Init: 3600000 to 400000 ...
worker: 10 - of node: grad02.. sending array with answers...
process: root.. Waiting response of worker 11...
process: root.. will receive from pid: 11 - from Init: 4000000 to 400000 ...
worker: 11 - of node: grad02.. sending array with answers...
process: root.. Waiting response of worker 12...
process: root.. will receive from pid: 12 - from Init: 4400000 to 400000 ...
worker: 12 - of node: grad02.. sending array with answers...
process: root.. Waiting response of worker 13...
process: root.. will receive from pid: 13 - from Init: 4800000 to 400000 ...
worker: 13 - of node: grad02.. sending array with answers...
process: root.. Waiting response of worker 14...
process: root.. will receive from pid: 14 - from Init: 5200000 to 400000 ...
worker: 14 - of node: grad02.. sending array with answers...
process: root.. Waiting response of worker 15...
process: root.. will receive from pid: 15 - from Init: 5600000 to 400000 ...
Process: Root validation: {
6000000 2.826922
process: root - calculo: 1 * 7000000 / (15) == 466666
process: root - calculo: 466666 - 0 == 466666
process: root - sending size of: 466666 to worker: 1...
process: root.. Sending array to worker: 1 ...
process: root - calculo: 2 * 7000000 / (15) == 933333
process: root - calculo: 933333 - 466666 == 466667
process: root - sending size of: 466667 to worker: 2...
process: root.. Sending array to worker: 2 ...
process: root - calculo: 3 * 7000000 / (15) == 1400000
process: root - calculo: 1400000 - 933333 == 466667
process: root - sending size of: 466667 to worker: 3...
process: root.. Sending array to worker: 3 ...
process: root - calculo: 4 * 7000000 / (15) == 1866666
process: root - calculo: 1866666 - 1400000 == 466666
process: root - sending size of: 466666 to worker: 4...
process: root.. Sending array to worker: 4 ...
process: root - calculo: 5 * 7000000 / (15) == 2333333
process: root - calculo: 2333333 - 1866666 == 466667
process: root - sending size of: 466667 to worker: 5...
process: root.. Sending array to worker: 5 ...
process: root - calculo: 6 * 7000000 / (15) == 2800000
process: root - calculo: 2800000 - 2333333 == 466667
process: root - sending size of: 466667 to worker: 6...
process: root.. Sending array to worker: 6 ...
process: root - calculo: 7 * 7000000 / (15) == 3266666
process: root - calculo: 3266666 - 2800000 == 466666
process: root - sending size of: 466666 to worker: 7...
process: root.. Sending array to worker: 7 ...
process: root - calculo: 8 * 7000000 / (15) == 3733333
process: root - calculo: 3733333 - 3266666 == 466667
process: root - sending size of: 466667 to worker: 8...
process: root.. Sending array to worker: 8 ...
process: root - calculo: 9 * 7000000 / (15) == 4200000
process: root - calculo: 4200000 - 3733333 == 466667
process: root - sending size of: 466667 to worker: 9...
process: root.. Sending array to worker: 9 ...
process: root - calculo: 10 * 7000000 / (15) == 4666666
process: root - calculo: 4666666 - 4200000 == 466666
process: root - sending size of: 466666 to worker: 10...
process: root.. Sending array to worker: 10 ...
process: root - calculo: 11 * 7000000 / (15) == 5133333
process: root - calculo: 5133333 - 4666666 == 466667
process: root - sending size of: 466667 to worker: 11...
process: root.. Sending array to worker: 11 ...
process: root - calculo: 12 * 7000000 / (15) == 5600000
process: root - calculo: 5600000 - 5133333 == 466667
process: root - sending size of: 466667 to worker: 12...
process: root.. Sending array to worker: 12 ...
process: root - calculo: 13 * 7000000 / (15) == 6066666
process: root - calculo: 6066666 - 5600000 == 466666
process: root - sending size of: 466666 to worker: 13...
process: root.. Sending array to worker: 13 ...
process: root - calculo: 14 * 7000000 / (15) == 6533333
process: root - calculo: 6533333 - 6066666 == 466667
process: root - sending size of: 466667 to worker: 14...
process: root.. Sending array to worker: 14 ...
process: root - calculo: 15 * 7000000 / (15) == 7000000
process: root - calculo: 7000000 - 6533333 == 466667
process: root - sending size of: 466667 to worker: 15...
process: root.. Sending array to worker: 15 ...
process: root.. Waiting response of worker 1...
worker: 15 - of node: grad02.. sending array with answers...
worker: 14 - of node: grad02.. sending array with answers...
worker: 1 - of node: grad01.. sending array with answers...
process: root.. will receive from pid: 1 - from Init: 0 to 466666 ...
process: root.. Waiting response of worker 2...
worker: 2 - of node: grad01.. sending array with answers...
process: root.. will receive from pid: 2 - from Init: 466666 to 466667 ...
process: root.. Waiting response of worker 3...
worker: 3 - of node: grad01.. sending array with answers...
process: root.. will receive from pid: 3 - from Init: 933333 to 466667 ...
process: root.. Waiting response of worker 4...
worker: 4 - of node: grad01.. sending array with answers...
process: root.. will receive from pid: 4 - from Init: 1400000 to 466666 ...
process: root.. Waiting response of worker 5...
worker: 13 - of node: grad02.. sending array with answers...
worker: 5 - of node: grad01.. sending array with answers...
process: root.. will receive from pid: 5 - from Init: 1866666 to 466667 ...
process: root.. Waiting response of worker 6...
worker: 6 - of node: grad01.. sending array with answers...
process: root.. will receive from pid: 6 - from Init: 2333333 to 466667 ...
process: root.. Waiting response of worker 7...
worker: 7 - of node: grad01.. sending array with answers...
process: root.. will receive from pid: 7 - from Init: 2800000 to 466666 ...
process: root.. Waiting response of worker 8...
process: root.. will receive from pid: 8 - from Init: 3266666 to 466667 ...
worker: 8 - of node: grad02.. sending array with answers...
process: root.. Waiting response of worker 9...
process: root.. will receive from pid: 9 - from Init: 3733333 to 466667 ...
worker: 9 - of node: grad02.. sending array with answers...
process: root.. Waiting response of worker 10...
process: root.. will receive from pid: 10 - from Init: 4200000 to 466666 ...
worker: 10 - of node: grad02.. sending array with answers...
process: root.. Waiting response of worker 11...
process: root.. will receive from pid: 11 - from Init: 4666666 to 466667 ...
worker: 11 - of node: grad02.. sending array with answers...
process: root.. Waiting response of worker 12...
process: root.. will receive from pid: 12 - from Init: 5133333 to 466667 ...
worker: 12 - of node: grad02.. sending array with answers...
process: root.. Waiting response of worker 13...
process: root.. will receive from pid: 13 - from Init: 5600000 to 466666 ...
process: root.. Waiting response of worker 14...
process: root.. will receive from pid: 14 - from Init: 6066666 to 466667 ...
process: root.. Waiting response of worker 15...
process: root.. will receive from pid: 15 - from Init: 6533333 to 466667 ...
Process: Root validation: {
7000000 3.296062
process: root - calculo: 1 * 8000000 / (15) == 533333
process: root - calculo: 533333 - 0 == 533333
process: root - sending size of: 533333 to worker: 1...
process: root.. Sending array to worker: 1 ...
process: root - calculo: 2 * 8000000 / (15) == 1066666
process: root - calculo: 1066666 - 533333 == 533333
process: root - sending size of: 533333 to worker: 2...
process: root.. Sending array to worker: 2 ...
process: root - calculo: 3 * 8000000 / (15) == 1600000
process: root - calculo: 1600000 - 1066666 == 533334
process: root - sending size of: 533334 to worker: 3...
process: root.. Sending array to worker: 3 ...
process: root - calculo: 4 * 8000000 / (15) == 2133333
process: root - calculo: 2133333 - 1600000 == 533333
process: root - sending size of: 533333 to worker: 4...
process: root.. Sending array to worker: 4 ...
process: root - calculo: 5 * 8000000 / (15) == 2666666
process: root - calculo: 2666666 - 2133333 == 533333
process: root - sending size of: 533333 to worker: 5...
process: root.. Sending array to worker: 5 ...
process: root - calculo: 6 * 8000000 / (15) == 3200000
process: root - calculo: 3200000 - 2666666 == 533334
process: root - sending size of: 533334 to worker: 6...
process: root.. Sending array to worker: 6 ...
process: root - calculo: 7 * 8000000 / (15) == 3733333
process: root - calculo: 3733333 - 3200000 == 533333
process: root - sending size of: 533333 to worker: 7...
process: root.. Sending array to worker: 7 ...
process: root - calculo: 8 * 8000000 / (15) == 4266666
process: root - calculo: 4266666 - 3733333 == 533333
process: root - sending size of: 533333 to worker: 8...
process: root.. Sending array to worker: 8 ...
process: root - calculo: 9 * 8000000 / (15) == 4800000
process: root - calculo: 4800000 - 4266666 == 533334
process: root - sending size of: 533334 to worker: 9...
process: root.. Sending array to worker: 9 ...
process: root - calculo: 10 * 8000000 / (15) == 5333333
process: root - calculo: 5333333 - 4800000 == 533333
process: root - sending size of: 533333 to worker: 10...
process: root.. Sending array to worker: 10 ...
process: root - calculo: 11 * 8000000 / (15) == 5866666
process: root - calculo: 5866666 - 5333333 == 533333
process: root - sending size of: 533333 to worker: 11...
process: root.. Sending array to worker: 11 ...
process: root - calculo: 12 * 8000000 / (15) == 6400000
process: root - calculo: 6400000 - 5866666 == 533334
process: root - sending size of: 533334 to worker: 12...
process: root.. Sending array to worker: 12 ...
process: root - calculo: 13 * 8000000 / (15) == 6933333
process: root - calculo: 6933333 - 6400000 == 533333
process: root - sending size of: 533333 to worker: 13...
process: root.. Sending array to worker: 13 ...
process: root - calculo: 14 * 8000000 / (15) == 7466666
process: root - calculo: 7466666 - 6933333 == 533333
process: root - sending size of: 533333 to worker: 14...
process: root.. Sending array to worker: 14 ...
process: root - calculo: 15 * 8000000 / (15) == 8000000
process: root - calculo: 8000000 - 7466666 == 533334
process: root - sending size of: 533334 to worker: 15...
process: root.. Sending array to worker: 15 ...
process: root.. Waiting response of worker 1...
worker: 15 - of node: grad02.. sending array with answers...
worker: 14 - of node: grad02.. sending array with answers...
worker: 13 - of node: grad02.. sending array with answers...
worker: 12 - of node: grad02.. sending array with answers...
worker: 1 - of node: grad01.. sending array with answers...
process: root.. will receive from pid: 1 - from Init: 0 to 533333 ...
process: root.. Waiting response of worker 2...
worker: 2 - of node: grad01.. sending array with answers...
process: root.. will receive from pid: 2 - from Init: 533333 to 533333 ...
process: root.. Waiting response of worker 3...
worker: 3 - of node: grad01.. sending array with answers...
process: root.. will receive from pid: 3 - from Init: 1066666 to 533334 ...
process: root.. Waiting response of worker 4...
worker: 4 - of node: grad01.. sending array with answers...
process: root.. will receive from pid: 4 - from Init: 1600000 to 533333 ...
process: root.. Waiting response of worker 5...
worker: 5 - of node: grad01.. sending array with answers...
process: root.. will receive from pid: 5 - from Init: 2133333 to 533333 ...
process: root.. Waiting response of worker 6...
worker: 6 - of node: grad01.. sending array with answers...
process: root.. will receive from pid: 6 - from Init: 2666666 to 533334 ...
process: root.. Waiting response of worker 7...
worker: 7 - of node: grad01.. sending array with answers...
process: root.. will receive from pid: 7 - from Init: 3200000 to 533333 ...
process: root.. Waiting response of worker 8...
process: root.. will receive from pid: 8 - from Init: 3733333 to 533333 ...
worker: 8 - of node: grad02.. sending array with answers...
process: root.. Waiting response of worker 9...
worker: 11 - of node: grad02.. sending array with answers...
worker: 9 - of node: grad02.. sending array with answers...
process: root.. will receive from pid: 9 - from Init: 4266666 to 533334 ...
process: root.. Waiting response of worker 10...
process: root.. will receive from pid: 10 - from Init: 4800000 to 533333 ...
worker: 10 - of node: grad02.. sending array with answers...
process: root.. Waiting response of worker 11...
process: root.. will receive from pid: 11 - from Init: 5333333 to 533333 ...
process: root.. Waiting response of worker 12...
process: root.. will receive from pid: 12 - from Init: 5866666 to 533334 ...
process: root.. Waiting response of worker 13...
process: root.. will receive from pid: 13 - from Init: 6400000 to 533333 ...
process: root.. Waiting response of worker 14...
process: root.. will receive from pid: 14 - from Init: 6933333 to 533333 ...
process: root.. Waiting response of worker 15...
process: root.. will receive from pid: 15 - from Init: 7466666 to 533334 ...
Process: Root validation: {
8000000 3.754888
process: root - calculo: 1 * 9000000 / (15) == 600000
process: root - calculo: 600000 - 0 == 600000
process: root - sending size of: 600000 to worker: 1...
process: root.. Sending array to worker: 1 ...
process: root - calculo: 2 * 9000000 / (15) == 1200000
process: root - calculo: 1200000 - 600000 == 600000
process: root - sending size of: 600000 to worker: 2...
process: root.. Sending array to worker: 2 ...
process: root - calculo: 3 * 9000000 / (15) == 1800000
process: root - calculo: 1800000 - 1200000 == 600000
process: root - sending size of: 600000 to worker: 3...
process: root.. Sending array to worker: 3 ...
process: root - calculo: 4 * 9000000 / (15) == 2400000
process: root - calculo: 2400000 - 1800000 == 600000
process: root - sending size of: 600000 to worker: 4...
process: root.. Sending array to worker: 4 ...
process: root - calculo: 5 * 9000000 / (15) == 3000000
process: root - calculo: 3000000 - 2400000 == 600000
process: root - sending size of: 600000 to worker: 5...
process: root.. Sending array to worker: 5 ...
process: root - calculo: 6 * 9000000 / (15) == 3600000
process: root - calculo: 3600000 - 3000000 == 600000
process: root - sending size of: 600000 to worker: 6...
process: root.. Sending array to worker: 6 ...
process: root - calculo: 7 * 9000000 / (15) == 4200000
process: root - calculo: 4200000 - 3600000 == 600000
process: root - sending size of: 600000 to worker: 7...
process: root.. Sending array to worker: 7 ...
process: root - calculo: 8 * 9000000 / (15) == 4800000
process: root - calculo: 4800000 - 4200000 == 600000
process: root - sending size of: 600000 to worker: 8...
process: root.. Sending array to worker: 8 ...
process: root - calculo: 9 * 9000000 / (15) == 5400000
process: root - calculo: 5400000 - 4800000 == 600000
process: root - sending size of: 600000 to worker: 9...
process: root.. Sending array to worker: 9 ...
process: root - calculo: 10 * 9000000 / (15) == 6000000
process: root - calculo: 6000000 - 5400000 == 600000
process: root - sending size of: 600000 to worker: 10...
process: root.. Sending array to worker: 10 ...
process: root - calculo: 11 * 9000000 / (15) == 6600000
process: root - calculo: 6600000 - 6000000 == 600000
process: root - sending size of: 600000 to worker: 11...
process: root.. Sending array to worker: 11 ...
process: root - calculo: 12 * 9000000 / (15) == 7200000
process: root - calculo: 7200000 - 6600000 == 600000
process: root - sending size of: 600000 to worker: 12...
process: root.. Sending array to worker: 12 ...
process: root - calculo: 13 * 9000000 / (15) == 7800000
process: root - calculo: 7800000 - 7200000 == 600000
process: root - sending size of: 600000 to worker: 13...
process: root.. Sending array to worker: 13 ...
process: root - calculo: 14 * 9000000 / (15) == 8400000
process: root - calculo: 8400000 - 7800000 == 600000
process: root - sending size of: 600000 to worker: 14...
process: root.. Sending array to worker: 14 ...
process: root - calculo: 15 * 9000000 / (15) == 9000000
process: root - calculo: 9000000 - 8400000 == 600000
process: root - sending size of: 600000 to worker: 15...
process: root.. Sending array to worker: 15 ...
process: root.. Waiting response of worker 1...
worker: 13 - of node: grad02.. sending array with answers...
worker: 14 - of node: grad02.. sending array with answers...
worker: 15 - of node: grad02.. sending array with answers...
worker: 12 - of node: grad02.. sending array with answers...
worker: 11 - of node: grad02.. sending array with answers...
worker: 1 - of node: grad01.. sending array with answers...
process: root.. will receive from pid: 1 - from Init: 0 to 600000 ...
process: root.. Waiting response of worker 2...
worker: 2 - of node: grad01.. sending array with answers...
process: root.. will receive from pid: 2 - from Init: 600000 to 600000 ...
process: root.. Waiting response of worker 3...
worker: 3 - of node: grad01.. sending array with answers...
process: root.. will receive from pid: 3 - from Init: 1200000 to 600000 ...
process: root.. Waiting response of worker 4...
worker: 4 - of node: grad01.. sending array with answers...
process: root.. will receive from pid: 4 - from Init: 1800000 to 600000 ...
process: root.. Waiting response of worker 5...
worker: 5 - of node: grad01.. sending array with answers...
process: root.. will receive from pid: 5 - from Init: 2400000 to 600000 ...
process: root.. Waiting response of worker 6...
worker: 10 - of node: grad02.. sending array with answers...
worker: 6 - of node: grad01.. sending array with answers...
process: root.. will receive from pid: 6 - from Init: 3000000 to 600000 ...
process: root.. Waiting response of worker 7...
worker: 7 - of node: grad01.. sending array with answers...
process: root.. will receive from pid: 7 - from Init: 3600000 to 600000 ...
process: root.. Waiting response of worker 8...
process: root.. will receive from pid: 8 - from Init: 4200000 to 600000 ...
worker: 8 - of node: grad02.. sending array with answers...
process: root.. Waiting response of worker 9...
process: root.. will receive from pid: 9 - from Init: 4800000 to 600000 ...
worker: 9 - of node: grad02.. sending array with answers...
process: root.. Waiting response of worker 10...
process: root.. will receive from pid: 10 - from Init: 5400000 to 600000 ...
process: root.. Waiting response of worker 11...
process: root.. will receive from pid: 11 - from Init: 6000000 to 600000 ...
process: root.. Waiting response of worker 12...
process: root.. will receive from pid: 12 - from Init: 6600000 to 600000 ...
process: root.. Waiting response of worker 13...
process: root.. will receive from pid: 13 - from Init: 7200000 to 600000 ...
process: root.. Waiting response of worker 14...
process: root.. will receive from pid: 14 - from Init: 7800000 to 600000 ...
process: root.. Waiting response of worker 15...
process: root.. will receive from pid: 15 - from Init: 8400000 to 600000 ...
Process: Root validation: {
9000000 4.209512
process: root - calculo: 1 * 10000000 / (15) == 666666
process: root - calculo: 666666 - 0 == 666666
process: root - sending size of: 666666 to worker: 1...
process: root.. Sending array to worker: 1 ...
process: root - calculo: 2 * 10000000 / (15) == 1333333
process: root - calculo: 1333333 - 666666 == 666667
process: root - sending size of: 666667 to worker: 2...
process: root.. Sending array to worker: 2 ...
process: root - calculo: 3 * 10000000 / (15) == 2000000
process: root - calculo: 2000000 - 1333333 == 666667
process: root - sending size of: 666667 to worker: 3...
process: root.. Sending array to worker: 3 ...
process: root - calculo: 4 * 10000000 / (15) == 2666666
process: root - calculo: 2666666 - 2000000 == 666666
process: root - sending size of: 666666 to worker: 4...
process: root.. Sending array to worker: 4 ...
process: root - calculo: 5 * 10000000 / (15) == 3333333
process: root - calculo: 3333333 - 2666666 == 666667
process: root - sending size of: 666667 to worker: 5...
process: root.. Sending array to worker: 5 ...
process: root - calculo: 6 * 10000000 / (15) == 4000000
process: root - calculo: 4000000 - 3333333 == 666667
process: root - sending size of: 666667 to worker: 6...
process: root.. Sending array to worker: 6 ...
process: root - calculo: 7 * 10000000 / (15) == 4666666
process: root - calculo: 4666666 - 4000000 == 666666
process: root - sending size of: 666666 to worker: 7...
process: root.. Sending array to worker: 7 ...
process: root - calculo: 8 * 10000000 / (15) == 5333333
process: root - calculo: 5333333 - 4666666 == 666667
process: root - sending size of: 666667 to worker: 8...
process: root.. Sending array to worker: 8 ...
process: root - calculo: 9 * 10000000 / (15) == 6000000
process: root - calculo: 6000000 - 5333333 == 666667
process: root - sending size of: 666667 to worker: 9...
process: root.. Sending array to worker: 9 ...
process: root - calculo: 10 * 10000000 / (15) == 6666666
process: root - calculo: 6666666 - 6000000 == 666666
process: root - sending size of: 666666 to worker: 10...
process: root.. Sending array to worker: 10 ...
process: root - calculo: 11 * 10000000 / (15) == 7333333
process: root - calculo: 7333333 - 6666666 == 666667
process: root - sending size of: 666667 to worker: 11...
process: root.. Sending array to worker: 11 ...
process: root - calculo: 12 * 10000000 / (15) == 8000000
process: root - calculo: 8000000 - 7333333 == 666667
process: root - sending size of: 666667 to worker: 12...
process: root.. Sending array to worker: 12 ...
process: root - calculo: 13 * 10000000 / (15) == 8666666
process: root - calculo: 8666666 - 8000000 == 666666
process: root - sending size of: 666666 to worker: 13...
process: root.. Sending array to worker: 13 ...
process: root - calculo: 14 * 10000000 / (15) == 9333333
process: root - calculo: 9333333 - 8666666 == 666667
process: root - sending size of: 666667 to worker: 14...
process: root.. Sending array to worker: 14 ...
process: root - calculo: 15 * 10000000 / (15) == 10000000
process: root - calculo: 10000000 - 9333333 == 666667
process: root - sending size of: 666667 to worker: 15...
process: root.. Sending array to worker: 15 ...
process: root.. Waiting response of worker 1...
worker: 12 - of node: grad02.. sending array with answers...
worker: 13 - of node: grad02.. sending array with answers...
worker: 14 - of node: grad02.. sending array with answers...
worker: 15 - of node: grad02.. sending array with answers...
worker: 11 - of node: grad02.. sending array with answers...
worker: 10 - of node: grad02.. sending array with answers...
worker: 1 - of node: grad01.. sending array with answers...
process: root.. will receive from pid: 1 - from Init: 0 to 666666 ...
process: root.. Waiting response of worker 2...
worker: 2 - of node: grad01.. sending array with answers...
process: root.. will receive from pid: 2 - from Init: 666666 to 666667 ...
process: root.. Waiting response of worker 3...
worker: 3 - of node: grad01.. sending array with answers...
process: root.. will receive from pid: 3 - from Init: 1333333 to 666667 ...
process: root.. Waiting response of worker 4...
worker: 4 - of node: grad01.. sending array with answers...
process: root.. will receive from pid: 4 - from Init: 2000000 to 666666 ...
process: root.. Waiting response of worker 5...
worker: 5 - of node: grad01.. sending array with answers...
process: root.. will receive from pid: 5 - from Init: 2666666 to 666667 ...
process: root.. Waiting response of worker 6...
worker: 9 - of node: grad02.. sending array with answers...
worker: 6 - of node: grad01.. sending array with answers...
process: root.. will receive from pid: 6 - from Init: 3333333 to 666667 ...
process: root.. Waiting response of worker 7...
worker: 7 - of node: grad01.. sending array with answers...
process: root.. will receive from pid: 7 - from Init: 4000000 to 666666 ...
process: root.. Waiting response of worker 8...
worker: 8 - of node: grad02.. sending array with answers...
process: root.. will receive from pid: 8 - from Init: 4666666 to 666667 ...
process: root.. Waiting response of worker 9...
process: root.. will receive from pid: 9 - from Init: 5333333 to 666667 ...
process: root.. Waiting response of worker 10...
process: root.. will receive from pid: 10 - from Init: 6000000 to 666666 ...
process: root.. Waiting response of worker 11...
process: root.. will receive from pid: 11 - from Init: 6666666 to 666667 ...
process: root.. Waiting response of worker 12...
process: root.. will receive from pid: 12 - from Init: 7333333 to 666667 ...
process: root.. Waiting response of worker 13...
process: root.. will receive from pid: 13 - from Init: 8000000 to 666666 ...
process: root.. Waiting response of worker 14...
process: root.. will receive from pid: 14 - from Init: 8666666 to 666667 ...
process: root.. Waiting response of worker 15...
process: root.. will receive from pid: 15 - from Init: 9333333 to 666667 ...
Process: Root validation: {
worker: 1 - of node: grad01.. received -1. Will Stop ...
process: 1 - of node: grad01..  stoping ...
worker: 7 - of node: grad01.. received -1. Will Stop ...
process: 7 - of node: grad01..  stoping ...
worker: 3 - of node: grad01.. received -1. Will Stop ...
process: 3 - of node: grad01..  stoping ...
worker: 2 - of node: grad01.. received -1. Will Stop ...
process: 2 - of node: grad01..  stoping ...
worker: 4 - of node: grad01.. received -1. Will Stop ...
process: 4 - of node: grad01..  stoping ...
10000000 4.676543
FINISH EXECUTING EVERTIHING on main, will stop workers
worker: 5 - of node: grad01.. received -1. Will Stop ...
process: 5 - of node: grad01..  stoping ...
worker: 6 - of node: grad01.. received -1. Will Stop ...
process: 6 - of node: grad01..  stoping ...



tamanho,tempo
1000000,0.501035
2000000,1.005753
3000000,1.335548
4000000,1.812569
5000000,2.313727
6000000,2.826922
7000000,3.296062
8000000,3.754888
9000000,4.209512
10000000,4.676543
process: 0 - of node: grad01..  stoping ...
worker: 10 - of node: grad02.. received -1. Will Stop ...
process: 10 - of node: grad02..  stoping ...
worker: 9 - of node: grad02.. received -1. Will Stop ...
process: 9 - of node: grad02..  stoping ...
worker: 11 - of node: grad02.. received -1. Will Stop ...
process: 11 - of node: grad02..  stoping ...
worker: 8 - of node: grad02.. received -1. Will Stop ...
process: 8 - of node: grad02..  stoping ...
worker: 13 - of node: grad02.. received -1. Will Stop ...
process: 13 - of node: grad02..  stoping ...
worker: 15 - of node: grad02.. received -1. Will Stop ...
process: 15 - of node: grad02..  stoping ...
worker: 12 - of node: grad02.. received -1. Will Stop ...
process: 12 - of node: grad02..  stoping ...
worker: 14 - of node: grad02.. received -1. Will Stop ...
process: 14 - of node: grad02..  stoping ...
